2014-07-11 11:44:07.343 HelloCordova[56755:70b] Multi-tasking -> Device: YES, App: YES
2014-07-11 11:44:07.365 HelloCordova[56755:70b] Unlimited access to network resources
2014-07-11 11:44:07.396 HelloCordova[56755:70b] [CDVTimer][keyboard] 0.050962ms
2014-07-11 11:44:07.396 HelloCordova[56755:70b] CDVPlugin class CDVStatusBar (pluginName: statusbar) does not exist.
2014-07-11 11:44:07.396 HelloCordova[56755:70b] [CDVTimer][statusbar] 0.389040ms
2014-07-11 11:44:07.397 HelloCordova[56755:70b] [CDVTimer][TotalPluginStartup] 1.313031ms
2014-07-11 11:44:07.471 HelloCordova[56755:70b] Resetting plugins due to page load.
2014-07-11 11:44:07.647 HelloCordova[56755:70b] Finished load of: file:///Users/jasenlew/Library/Application%20Support/iPhone%20Simulator/7.1/Applications/430E4F48-DBEE-4A6B-8FA0-BA9127BEEB7E/HelloCordova.app/www/index.html
2014-07-11 11:52:43.143 HelloCordova[57160:70b] Multi-tasking -> Device: YES, App: YES
2014-07-11 11:52:43.151 HelloCordova[57160:70b] Unlimited access to network resources
2014-07-11 11:52:43.165 HelloCordova[57160:70b] [CDVTimer][keyboard] 0.051022ms
2014-07-11 11:52:43.165 HelloCordova[57160:70b] CDVPlugin class CDVStatusBar (pluginName: statusbar) does not exist.
2014-07-11 11:52:43.166 HelloCordova[57160:70b] [CDVTimer][statusbar] 0.299990ms
2014-07-11 11:52:43.166 HelloCordova[57160:70b] [CDVTimer][TotalPluginStartup] 0.935972ms
2014-07-11 11:52:43.195 HelloCordova[57160:70b] Resetting plugins due to page load.
2014-07-11 11:52:43.258 HelloCordova[57160:70b] Finished load of: file:///Users/jasenlew/Library/Application%20Support/iPhone%20Simulator/7.1/Applications/430E4F48-DBEE-4A6B-8FA0-BA9127BEEB7E/HelloCordova.app/www/index.html
2014-07-11 11:55:17.810 HelloCordova[57482:70b] Multi-tasking -> Device: YES, App: YES
2014-07-11 11:55:17.815 HelloCordova[57482:70b] Unlimited access to network resources
2014-07-11 11:55:17.827 HelloCordova[57482:70b] [CDVTimer][keyboard] 0.048995ms
2014-07-11 11:55:17.828 HelloCordova[57482:70b] CDVPlugin class CDVStatusBar (pluginName: statusbar) does not exist.
2014-07-11 11:55:17.828 HelloCordova[57482:70b] [CDVTimer][statusbar] 0.515997ms
2014-07-11 11:55:17.829 HelloCordova[57482:70b] [CDVTimer][TotalPluginStartup] 1.452982ms
2014-07-11 11:55:17.881 HelloCordova[57482:70b] Resetting plugins due to page load.
2014-07-11 11:55:17.945 HelloCordova[57482:70b] Finished load of: file:///Users/jasenlew/Library/Application%20Support/iPhone%20Simulator/7.1/Applications/430E4F48-DBEE-4A6B-8FA0-BA9127BEEB7E/HelloCordova.app/www/index.html
2014-07-11 12:01:32.837 HelloCordova[57815:70b] Multi-tasking -> Device: YES, App: YES
2014-07-11 12:01:32.842 HelloCordova[57815:70b] Unlimited access to network resources
2014-07-11 12:01:32.855 HelloCordova[57815:70b] [CDVTimer][keyboard] 0.073969ms
2014-07-11 12:01:32.855 HelloCordova[57815:70b] CDVPlugin class CDVStatusBar (pluginName: statusbar) does not exist.
2014-07-11 12:01:32.856 HelloCordova[57815:70b] [CDVTimer][statusbar] 0.322998ms
2014-07-11 12:01:32.856 HelloCordova[57815:70b] [CDVTimer][TotalPluginStartup] 1.093030ms
2014-07-11 12:01:32.899 HelloCordova[57815:70b] Resetting plugins due to page load.
2014-07-11 12:01:32.985 HelloCordova[57815:70b] Finished load of: file:///Users/jasenlew/Library/Application%20Support/iPhone%20Simulator/7.1/Applications/430E4F48-DBEE-4A6B-8FA0-BA9127BEEB7E/HelloCordova.app/www/index.html
2014-07-11 12:06:30.555 HelloCordova[58256:70b] Multi-tasking -> Device: YES, App: YES
2014-07-11 12:06:30.561 HelloCordova[58256:70b] Unlimited access to network resources
2014-07-11 12:06:30.574 HelloCordova[58256:70b] [CDVTimer][keyboard] 0.048995ms
2014-07-11 12:06:30.575 HelloCordova[58256:70b] CDVPlugin class CDVStatusBar (pluginName: statusbar) does not exist.
2014-07-11 12:06:30.575 HelloCordova[58256:70b] [CDVTimer][statusbar] 0.416994ms
2014-07-11 12:06:30.575 HelloCordova[58256:70b] [CDVTimer][TotalPluginStartup] 1.262009ms
2014-07-11 12:06:30.631 HelloCordova[58256:70b] Resetting plugins due to page load.
2014-07-11 12:06:30.701 HelloCordova[58256:70b] Finished load of: file:///Users/jasenlew/Library/Application%20Support/iPhone%20Simulator/7.1/Applications/430E4F48-DBEE-4A6B-8FA0-BA9127BEEB7E/HelloCordova.app/www/index.html
2014-07-11 12:07:51.050 HelloCordova[58588:70b] Multi-tasking -> Device: YES, App: YES
2014-07-11 12:07:51.055 HelloCordova[58588:70b] Unlimited access to network resources
2014-07-11 12:07:51.069 HelloCordova[58588:70b] [CDVTimer][keyboard] 0.051022ms
2014-07-11 12:07:51.069 HelloCordova[58588:70b] CDVPlugin class CDVStatusBar (pluginName: statusbar) does not exist.
2014-07-11 12:07:51.070 HelloCordova[58588:70b] [CDVTimer][statusbar] 0.485003ms
2014-07-11 12:07:51.070 HelloCordova[58588:70b] [CDVTimer][TotalPluginStartup] 1.441002ms
2014-07-11 12:07:51.100 HelloCordova[58588:70b] Resetting plugins due to page load.
2014-07-11 12:07:51.168 HelloCordova[58588:70b] Finished load of: file:///Users/jasenlew/Library/Application%20Support/iPhone%20Simulator/7.1/Applications/430E4F48-DBEE-4A6B-8FA0-BA9127BEEB7E/HelloCordova.app/www/index.html
2014-07-11 12:10:17.694 HelloCordova[58912:70b] Multi-tasking -> Device: YES, App: YES
2014-07-11 12:10:17.699 HelloCordova[58912:70b] Unlimited access to network resources
2014-07-11 12:10:17.712 HelloCordova[58912:70b] [CDVTimer][keyboard] 0.047982ms
2014-07-11 12:10:17.712 HelloCordova[58912:70b] CDVPlugin class CDVStatusBar (pluginName: statusbar) does not exist.
2014-07-11 12:10:17.713 HelloCordova[58912:70b] [CDVTimer][statusbar] 0.342011ms
2014-07-11 12:10:17.713 HelloCordova[58912:70b] [CDVTimer][TotalPluginStartup] 1.246989ms
2014-07-11 12:10:17.741 HelloCordova[58912:70b] Resetting plugins due to page load.
2014-07-11 12:10:17.827 HelloCordova[58912:70b] Finished load of: file:///Users/jasenlew/Library/Application%20Support/iPhone%20Simulator/7.1/Applications/430E4F48-DBEE-4A6B-8FA0-BA9127BEEB7E/HelloCordova.app/www/index.html
